build/app/intermediates/manifest_merge_blame_file/release/manifest-merger-blame-release-report.txt
1<?xml version="1.0" encoding="utf-8"?>
2<manifest xmlns:android="http://schemas.android.com/apk/res/android"
3    package="app.kevin.hack_puzzle"
4    android:versionCode="1"
5    android:versionName="1.0.0" >
6
7    <uses-sdk
8        android:minSdkVersion="21"
8-->src/main/AndroidManifest.xml
9        android:targetSdkVersion="30" />
9-->src/main/AndroidManifest.xml
10
11    <uses-permission android:name="android.permission.ACCESS_NETWORK_STATE" />
11-->[com.google.android.exoplayer:exoplayer-core:2.15.0] AndroidManifest.xml:24:5-79
11-->[com.google.android.exoplayer:exoplayer-core:2.15.0] AndroidManifest.xml:24:22-76
12
13    <queries>
13-->[androidx.media2:media2-session:1.1.3] AndroidManifest.xml:24:5-34:15
14        <intent>
14-->[androidx.media2:media2-session:1.1.3] AndroidManifest.xml:25:9-27:18
15            <action android:name="android.media.browse.MediaBrowserService" />
15-->[androidx.media2:media2-session:1.1.3] AndroidManifest.xml:26:13-79
15-->[androidx.media2:media2-session:1.1.3] AndroidManifest.xml:26:21-76
16        </intent>
17        <intent>
17-->[androidx.media2:media2-session:1.1.3] AndroidManifest.xml:28:9-30:18
18            <action android:name="androidx.media2.session.MediaSessionService" />
18-->[androidx.media2:media2-session:1.1.3] AndroidManifest.xml:29:13-82
18-->[androidx.media2:media2-session:1.1.3] AndroidManifest.xml:29:21-79
19        </intent>
20        <intent>
20-->[androidx.media2:media2-session:1.1.3] AndroidManifest.xml:31:9-33:18
21            <action android:name="androidx.media2.session.MediaLibraryService" />
21-->[androidx.media2:media2-session:1.1.3] AndroidManifest.xml:32:13-82
21-->[androidx.media2:media2-session:1.1.3] AndroidManifest.xml:32:21-79
22        </intent>
23    </queries>
24
25    <application
25-->src/main/AndroidManifest.xml:3:4-32:19
26        android:appComponentFactory="androidx.core.app.CoreComponentFactory"
26-->[androidx.core:core:1.3.0] AndroidManifest.xml:24:18-86
27        android:icon="@mipmap/launcher_icon"
27-->src/main/AndroidManifest.xml:5:9-45
28        android:label="Puzzle Mania" >
28-->src/main/AndroidManifest.xml:4:10-38
29        <activity
29-->src/main/AndroidManifest.xml:6:9-26:20
30            android:name="app.kevin.hack_puzzle.MainActivity"
30-->src/main/AndroidManifest.xml:7:13-41
31            android:configChanges="orientation|keyboardHidden|keyboard|screenSize|smallestScreenSize|locale|layoutDirection|fontScale|screenLayout|density|uiMode"
31-->src/main/AndroidManifest.xml:11:13-163
32            android:exported="true"
32-->src/main/AndroidManifest.xml:8:13-36
33            android:hardwareAccelerated="true"
33-->src/main/AndroidManifest.xml:12:13-47
34            android:launchMode="singleTop"
34-->src/main/AndroidManifest.xml:9:13-43
35            android:theme="@style/LaunchTheme"
35-->src/main/AndroidManifest.xml:10:13-47
36            android:windowSoftInputMode="adjustResize" >
36-->src/main/AndroidManifest.xml:13:13-55
37
38            <!--
39                 Specifies an Android theme to apply to this Activity as soon as
40                 the Android process has started. This theme is visible to the user
41                 while the Flutter UI initializes. After that, this theme continues
42                 to determine the Window background behind the Flutter UI.
43            -->
44            <meta-data
44-->src/main/AndroidManifest.xml:18:13-21:17
45                android:name="io.flutter.embedding.android.NormalTheme"
45-->src/main/AndroidManifest.xml:19:15-70
46                android:resource="@style/NormalTheme" />
46-->src/main/AndroidManifest.xml:20:15-52
47
48            <intent-filter>
48-->src/main/AndroidManifest.xml:22:13-25:29
49                <action android:name="android.intent.action.MAIN" />
49-->src/main/AndroidManifest.xml:23:17-68
49-->src/main/AndroidManifest.xml:23:25-66
50
51                <category android:name="android.intent.category.LAUNCHER" />
51-->src/main/AndroidManifest.xml:24:17-76
51-->src/main/AndroidManifest.xml:24:27-74
52            </intent-filter>
53        </activity>
54        <!--
55             Don't delete the meta-data below.
56             This is used by the Flutter tool to generate GeneratedPluginRegistrant.java
57        -->
58        <meta-data
58-->src/main/AndroidManifest.xml:29:9-31:33
59            android:name="flutterEmbedding"
59-->src/main/AndroidManifest.xml:30:13-44
60            android:value="2" />
60-->src/main/AndroidManifest.xml:31:13-30
61    </application>
62
63</manifest>